# JRE version: 7.0_07-b10
# Java VM: Java HotSpot(TM) 64-Bit Server VM (23.3-b01 mixed mode bsd-amd64 compressed oops)
Heap
 PSYoungGen      total 274624K, used 0K [0x000000013ec00000, 0x00000001526a0000, 0x0000000154150000)
  eden space 231936K, 0% used [0x000000013ec00000,0x000000013ec00000,0x000000014ce80000)
  from space 42688K, 0% used [0x000000014fcf0000,0x000000014fcf0000,0x00000001526a0000)
  to   space 45120K, 0% used [0x000000014ce80000,0x000000014ce80000,0x000000014fa90000)
 ParOldGen       total 699072K, used 311947K [0x0000000114150000, 0x000000013ec00000, 0x000000013ec00000)
  object space 699072K, 44% used [0x0000000114150000,0x00000001271f2cb8,0x000000013ec00000)
 PSPermGen       total 83968K, used 83967K [0x000000010ef50000, 0x0000000114150000, 0x0000000114150000)
  object space 83968K, 99% used [0x000000010ef50000,0x000000011414fd70,0x0000000114150000)
GC Heap History (10 events):
Event: 4486,366 GC heap before
{Heap before GC invocations=85 (full 17):
 PSYoungGen      total 278336K, used 0K [0x000000013ec00000, 0x0000000152f20000, 0x0000000154150000)
  eden space 231296K, 0% used [0x000000013ec00000,0x000000013ec00000,0x000000014cde0000)
  from space 47040K, 0% used [0x0000000150130000,0x0000000150130000,0x0000000152f20000)
  to   space 49792K, 0% used [0x000000014cde0000,0x000000014cde0000,0x000000014fe80000)
 ParOldGen       total 633408K, used 317302K [0x0000000114150000, 0x000000013abe0000, 0x000000013ec00000)
  object space 633408K, 50% used [0x0000000114150000,0x000000012772d8b8,0x000000013abe0000)
 PSPermGen       total 83968K, used 83967K [0x000000010ef50000, 0x0000000114150000, 0x0000000114150000)
  object space 83968K, 99% used [0x000000010ef50000,0x000000011414ff70,0x0000000114150000)
Event: 4486,835 GC heap after
Heap after GC invocations=85 (full 17):
 PSYoungGen      total 278336K, used 0K [0x000000013ec00000, 0x0000000152f20000, 0x0000000154150000)
  eden space 231296K, 0% used [0x000000013ec00000,0x000000013ec00000,0x000000014cde0000)
  from space 47040K, 0% used [0x0000000150130000,0x0000000150130000,0x0000000152f20000)
  to   space 49792K, 0% used [0x000000014cde0000,0x000000014cde0000,0x000000014fe80000)
 ParOldGen       total 681984K, used 311947K [0x0000000114150000, 0x000000013db50000, 0x000000013ec00000)
  object space 681984K, 45% used [0x0000000114150000,0x00000001271f2e38,0x000000013db50000)
 PSPermGen       total 83968K, used 83961K [0x000000010ef50000, 0x0000000114150000, 0x0000000114150000)
  object space 83968K, 99% used [0x000000010ef50000,0x000000011414e710,0x0000000114150000)
}
Event: 4486,835 GC heap before
{Heap before GC invocations=86 (full 17):
 PSYoungGen      total 278336K, used 124K [0x000000013ec00000, 0x0000000152f20000, 0x0000000154150000)
  eden space 231296K, 0% used [0x000000013ec00000,0x000000013ec1f310,0x000000014cde0000)
  from space 47040K, 0% used [0x0000000150130000,0x0000000150130000,0x0000000152f20000)
  to   space 49792K, 0% used [0x000000014cde0000,0x000000014cde0000,0x000000014fe80000)
 ParOldGen       total 681984K, used 311947K [0x0000000114150000, 0x000000013db50000, 0x000000013ec00000)
  object space 681984K, 45% used [0x0000000114150000,0x00000001271f2e38,0x000000013db50000)
 PSPermGen       total 83968K, used 83967K [0x000000010ef50000, 0x0000000114150000, 0x0000000114150000)
  object space 83968K, 99% used [0x000000010ef50000,0x000000011414fd70,0x0000000114150000)
Event: 4486,843 GC heap after
Heap after GC invocations=86 (full 17):
 PSYoungGen      total 231360K, used 0K [0x000000013ec00000, 0x0000000152b50000, 0x0000000154150000)
  eden space 231296K, 0% used [0x000000013ec00000,0x000000013ec00000,0x000000014cde0000)
  from space 64K, 0% used [0x000000014cde0000,0x000000014cde0000,0x000000014cdf0000)
  to   space 47488K, 0% used [0x000000014fcf0000,0x000000014fcf0000,0x0000000152b50000)
 ParOldGen       total 681984K, used 311947K [0x0000000114150000, 0x000000013db50000, 0x000000013ec00000)
  object space 681984K, 45% used [0x0000000114150000,0x00000001271f2e38,0x000000013db50000)
 PSPermGen       total 83968K, used 83967K [0x000000010ef50000, 0x0000000114150000, 0x0000000114150000)
  object space 83968K, 99% used [0x000000010ef50000,0x000000011414fd70,0x0000000114150000)
}
Event: 4486,843 GC heap before
{Heap before GC invocations=87 (full 18):
 PSYoungGen      total 231360K, used 0K [0x000000013ec00000, 0x0000000152b50000, 0x0000000154150000)
  eden space 231296K, 0% used [0x000000013ec00000,0x000000013ec00000,0x000000014cde0000)
  from space 64K, 0% used [0x000000014cde0000,0x000000014cde0000,0x000000014cdf0000)
  to   space 47488K, 0% used [0x000000014fcf0000,0x000000014fcf0000,0x0000000152b50000)
 ParOldGen       total 681984K, used 311947K [0x0000000114150000, 0x000000013db50000, 0x000000013ec00000)
  object space 681984K, 45% used [0x0000000114150000,0x00000001271f2e38,0x000000013db50000)
 PSPermGen       total 83968K, used 83967K [0x000000010ef50000, 0x0000000114150000, 0x0000000114150000)
  object space 83968K, 99% used [0x000000010ef50000,0x000000011414fd70,0x0000000114150000)
Event: 4487,174 GC heap after
Heap after GC invocations=87 (full 18):
 PSYoungGen      total 231360K, used 0K [0x000000013ec00000, 0x0000000152b50000, 0x0000000154150000)
  eden space 231296K, 0% used [0x000000013ec00000,0x000000013ec00000,0x000000014cde0000)
  from space 64K, 0% used [0x000000014cde0000,0x000000014cde0000,0x000000014cdf0000)
  to   space 47488K, 0% used [0x000000014fcf0000,0x000000014fcf0000,0x0000000152b50000)
 ParOldGen       total 699072K, used 311947K [0x0000000114150000, 0x000000013ec00000, 0x000000013ec00000)
  object space 699072K, 44% used [0x0000000114150000,0x00000001271f2cb8,0x000000013ec00000)
 PSPermGen       total 83968K, used 83967K [0x000000010ef50000, 0x0000000114150000, 0x0000000114150000)
  object space 83968K, 99% used [0x000000010ef50000,0x000000011414fd70,0x0000000114150000)
}
Event: 4487,174 GC heap before
{Heap before GC invocations=88 (full 18):
 PSYoungGen      total 231360K, used 0K [0x000000013ec00000, 0x0000000152b50000, 0x0000000154150000)
  eden space 231296K, 0% used [0x000000013ec00000,0x000000013ec00000,0x000000014cde0000)
  from space 64K, 0% used [0x000000014cde0000,0x000000014cde0000,0x000000014cdf0000)
  to   space 47488K, 0% used [0x000000014fcf0000,0x000000014fcf0000,0x0000000152b50000)
 ParOldGen       total 699072K, used 311947K [0x0000000114150000, 0x000000013ec00000, 0x000000013ec00000)
  object space 699072K, 44% used [0x0000000114150000,0x00000001271f2cb8,0x000000013ec00000)
 PSPermGen       total 83968K, used 83967K [0x000000010ef50000, 0x0000000114150000, 0x0000000114150000)
  object space 83968K, 99% used [0x000000010ef50000,0x000000011414fd70,0x0000000114150000)
Event: 4487,179 GC heap after
Heap after GC invocations=88 (full 18):
 PSYoungGen      total 274624K, used 0K [0x000000013ec00000, 0x00000001526a0000, 0x0000000154150000)
  eden space 231936K, 0% used [0x000000013ec00000,0x000000013ec00000,0x000000014ce80000)
  from space 42688K, 0% used [0x000000014fcf0000,0x000000014fcf0000,0x00000001526a0000)
  to   space 45120K, 0% used [0x000000014ce80000,0x000000014ce80000,0x000000014fa90000)
 ParOldGen       total 699072K, used 311947K [0x0000000114150000, 0x000000013ec00000, 0x000000013ec00000)
  object space 699072K, 44% used [0x0000000114150000,0x00000001271f2cb8,0x000000013ec00000)
 PSPermGen       total 83968K, used 83967K [0x000000010ef50000, 0x0000000114150000, 0x0000000114150000)
  object space 83968K, 99% used [0x000000010ef50000,0x000000011414fd70,0x0000000114150000)
}
Event: 4487,179 GC heap before
{Heap before GC invocations=89 (full 19):
 PSYoungGen      total 274624K, used 0K [0x000000013ec00000, 0x00000001526a0000, 0x0000000154150000)
  eden space 231936K, 0% used [0x000000013ec00000,0x000000013ec00000,0x000000014ce80000)
  from space 42688K, 0% used [0x000000014fcf0000,0x000000014fcf0000,0x00000001526a0000)
  to   space 45120K, 0% used [0x000000014ce80000,0x000000014ce80000,0x000000014fa90000)
 ParOldGen       total 699072K, used 311947K [0x0000000114150000, 0x000000013ec00000, 0x000000013ec00000)
  object space 699072K, 44% used [0x0000000114150000,0x00000001271f2cb8,0x000000013ec00000)
 PSPermGen       total 83968K, used 83967K [0x000000010ef50000, 0x0000000114150000, 0x0000000114150000)
  object space 83968K, 99% used [0x000000010ef50000,0x000000011414fd70,0x0000000114150000)
Event: 4487,486 GC heap after
Heap after GC invocations=89 (full 19):
 PSYoungGen      total 274624K, used 0K [0x000000013ec00000, 0x00000001526a0000, 0x0000000154150000)
  eden space 231936K, 0% used [0x000000013ec00000,0x000000013ec00000,0x000000014ce80000)
  from space 42688K, 0% used [0x000000014fcf0000,0x000000014fcf0000,0x00000001526a0000)
  to   space 45120K, 0% used [0x000000014ce80000,0x000000014ce80000,0x000000014fa90000)
 ParOldGen       total 699072K, used 311947K [0x0000000114150000, 0x000000013ec00000, 0x000000013ec00000)
  object space 699072K, 44% used [0x0000000114150000,0x00000001271f2cb8,0x000000013ec00000)
 PSPermGen       total 83968K, used 83967K [0x000000010ef50000, 0x0000000114150000, 0x0000000114150000)
  object space 83968K, 99% used [0x000000010ef50000,0x000000011414fd70,0x0000000114150000)
}

